nohup: ignoring input
WARNING:tensorflow:From /data/x-deeplearning/xdl-algorithm-solution/DIEN/script/utils.py:37: calling __init__ (from tensorflow.python.ops.init_ops) with distribution=normal is deprecated and will be removed in a future version.
Instructions for updating:
`normal` is a deprecated alias for `truncated_normal`
2019-02-14 15:52:17.570953: I tensorflow/core/common_runtime/gpu/gpu_device.cc:1432] Found device 0 with properties: 
name: Tesla P40 major: 6 minor: 1 memoryClockRate(GHz): 1.531
pciBusID: 0000:83:00.0
totalMemory: 22.38GiB freeMemory: 22.21GiB
2019-02-14 15:52:17.892140: I tensorflow/core/common_runtime/gpu/gpu_device.cc:1432] Found device 1 with properties: 
name: Tesla P40 major: 6 minor: 1 memoryClockRate(GHz): 1.531
pciBusID: 0000:03:00.0
totalMemory: 22.38GiB freeMemory: 22.21GiB
2019-02-14 15:52:18.245121: I tensorflow/core/common_runtime/gpu/gpu_device.cc:1432] Found device 2 with properties: 
name: Tesla P40 major: 6 minor: 1 memoryClockRate(GHz): 1.531
pciBusID: 0000:84:00.0
totalMemory: 22.38GiB freeMemory: 22.21GiB
2019-02-14 15:52:18.246292: I tensorflow/core/common_runtime/gpu/gpu_device.cc:1511] Adding visible gpu devices: 0, 1, 2
2019-02-14 15:52:19.128336: I tensorflow/core/common_runtime/gpu/gpu_device.cc:982] Device interconnect StreamExecutor with strength 1 edge matrix:
2019-02-14 15:52:19.128385: I tensorflow/core/common_runtime/gpu/gpu_device.cc:988]      0 1 2 
2019-02-14 15:52:19.128393: I tensorflow/core/common_runtime/gpu/gpu_device.cc:1001] 0:   N N Y 
2019-02-14 15:52:19.128397: I tensorflow/core/common_runtime/gpu/gpu_device.cc:1001] 1:   N N N 
2019-02-14 15:52:19.128401: I tensorflow/core/common_runtime/gpu/gpu_device.cc:1001] 2:   Y N N 
2019-02-14 15:52:19.129492: I tensorflow/core/common_runtime/gpu/gpu_device.cc:1115] Created TensorFlow device (/job:localhost/replica:0/task:0/device:GPU:0 with 18330 MB memory) -> physical GPU (device: 0, name: Tesla P40, pci bus id: 0000:83:00.0, compute capability: 6.1)
2019-02-14 15:52:19.130216: I tensorflow/core/common_runtime/gpu/gpu_device.cc:1115] Created TensorFlow device (/job:localhost/replica:0/task:0/device:GPU:1 with 18330 MB memory) -> physical GPU (device: 1, name: Tesla P40, pci bus id: 0000:03:00.0, compute capability: 6.1)
2019-02-14 15:52:19.130780: I tensorflow/core/common_runtime/gpu/gpu_device.cc:1115] Created TensorFlow device (/job:localhost/replica:0/task:0/device:GPU:2 with 18330 MB memory) -> physical GPU (device: 2, name: Tesla P40, pci bus id: 0000:84:00.0, compute capability: 6.1)
config: {u'checkpoint': {u'save_interval': 1000, u'output_dir': u'./ckpt_dir/'}, u'job_type': u'predict', u'model': u'dien', u'seed': 3, u'data_dir': u'/data/raw_data/'}
model
predict_start
data_next
('checkout_xdl_py_fun_output', <class 'xdl.python.lib.tensor.Tensor'>)
('data_size', 3, 15)
facts_size 36
querry_size 36
predict_real_start
('meta_id_map,', 24953)
(24953, 24953)
('meta_id_map,', 24953)
(24953, 24953)
('checktype', <type 'numpy.ndarray'>)
('prob_shape', (24953, 2))
('uid_shape', (24953,))
(0.9769612, 0.023038864, 160, 0, 1)
(0.78359044, 0.21640958, 160, 1, 1)
(0.9526793, 0.047320742, 160, 2, 1)
(0.62871623, 0.37128377, 160, 3, 1)
(0.36210054, 0.6378995, 160, 4, 1)
(0.8283589, 0.17164116, 160, 5, 1)
(0.6452627, 0.35473725, 160, 6, 1)
(0.42903876, 0.57096124, 160, 7, 1)
(0.7723574, 0.22764254, 160, 8, 1)
(0.43271238, 0.5672876, 160, 9, 1)
(0.65430176, 0.34569818, 160, 10, 1)
('meta_id_map,', 24953)
(24953, 24953)
('meta_id_map,', 24953)
(24953, 24953)
('checktype', <type 'numpy.ndarray'>)
('prob_shape', (24953, 2))
('uid_shape', (24953,))
(0.97689945, 0.023100607, 160, 0, 1)
(0.7832468, 0.21675317, 160, 1, 1)
(0.95258206, 0.047417976, 160, 2, 1)
(0.6287891, 0.3712109, 160, 3, 1)
(0.36213717, 0.6378628, 160, 4, 1)
(0.8286063, 0.17139372, 160, 5, 1)
(0.64545417, 0.35454577, 160, 6, 1)
(0.42882398, 0.571176, 160, 7, 1)
(0.77242494, 0.2275751, 160, 8, 1)
(0.43304124, 0.5669587, 160, 9, 1)
(0.653873, 0.346127, 160, 10, 1)
('meta_id_map,', 24953)
(24953, 24953)
('meta_id_map,', 24953)
(24953, 24953)
('checktype', <type 'numpy.ndarray'>)
('prob_shape', (24953, 2))
('uid_shape', (24953,))
(0.97690296, 0.023097115, 160, 0, 1)
(0.78317446, 0.2168256, 160, 1, 1)
(0.95256, 0.047440086, 160, 2, 1)
(0.62877584, 0.3712242, 160, 3, 1)
(0.36215284, 0.6378471, 160, 4, 1)
(0.82856023, 0.17143983, 160, 5, 1)
(0.64541286, 0.35458714, 160, 6, 1)
(0.4288092, 0.57119083, 160, 7, 1)
(0.7724173, 0.22758275, 160, 8, 1)
(0.4330921, 0.56690794, 160, 9, 1)
(0.6538255, 0.3461745, 160, 10, 1)
('meta_id_map,', 24953)
(24953, 24953)
('meta_id_map,', 24953)
(24953, 24953)
('checktype', <type 'numpy.ndarray'>)
('prob_shape', (24953, 2))
('uid_shape', (24953,))
(0.9768345, 0.023165544, 160, 0, 1)
(0.7829159, 0.21708414, 160, 1, 1)
(0.952463, 0.047537077, 160, 2, 1)
(0.62845856, 0.37154147, 160, 3, 1)
(0.36199003, 0.6380099, 160, 4, 1)
(0.82858306, 0.17141691, 160, 5, 1)
(0.64546144, 0.35453856, 160, 6, 1)
(0.42888197, 0.57111806, 160, 7, 1)
(0.77238995, 0.22761008, 160, 8, 1)
(0.43254963, 0.5674504, 160, 9, 1)
(0.6540203, 0.34597975, 160, 10, 1)
('meta_id_map,', 24953)
(24953, 24953)
('meta_id_map,', 24953)
(24953, 24953)
('checktype', <type 'numpy.ndarray'>)
('prob_shape', (24953, 2))
('uid_shape', (24953,))
(0.9767386, 0.023261394, 160, 0, 1)
(0.78340214, 0.21659787, 160, 1, 1)
(0.9525631, 0.047436845, 160, 2, 1)
(0.62838024, 0.37161976, 160, 3, 1)
(0.36222094, 0.63777906, 160, 4, 1)
(0.8287219, 0.17127818, 160, 5, 1)
(0.6456738, 0.3543262, 160, 6, 1)
(0.4280584, 0.5719416, 160, 7, 1)
(0.77262414, 0.22737592, 160, 8, 1)
(0.43387803, 0.566122, 160, 9, 1)
(0.6529141, 0.34708592, 160, 10, 1)
('meta_id_map,', 24953)
(24953, 24953)
('meta_id_map,', 24953)
(24953, 24953)
('checktype', <type 'numpy.ndarray'>)
('prob_shape', (24953, 2))
('uid_shape', (24953,))
(0.9770702, 0.02292978, 160, 0, 1)
(0.78386104, 0.21613893, 160, 1, 1)
(0.95284986, 0.047150157, 160, 2, 1)
(0.6318659, 0.36813402, 160, 3, 1)
(0.36273402, 0.637266, 160, 4, 1)
(0.82942486, 0.1705752, 160, 5, 1)
(0.6459422, 0.3540578, 160, 6, 1)
(0.42879513, 0.5712049, 160, 7, 1)
(0.7723786, 0.22762138, 160, 8, 1)
(0.43457025, 0.56542975, 160, 9, 1)
(0.6533422, 0.34665775, 160, 10, 1)
('meta_id_map,', 24953)
(24953, 24953)
('meta_id_map,', 24953)
(24953, 24953)
('checktype', <type 'numpy.ndarray'>)
('prob_shape', (24953, 2))
('uid_shape', (24953,))
(0.97907686, 0.020923203, 71, 0, 1)
(0.7542178, 0.24578226, 71, 1, 1)
(0.94437665, 0.055623356, 71, 2, 1)
(0.59873146, 0.40126854, 71, 3, 1)
(0.36773235, 0.63226765, 71, 4, 1)
(0.7912681, 0.20873189, 71, 5, 1)
(0.60492986, 0.3950702, 71, 6, 1)
(0.42821348, 0.5717865, 71, 7, 1)
(0.77138954, 0.2286105, 71, 8, 1)
(0.43945736, 0.56054264, 71, 9, 1)
(0.64878535, 0.35121462, 71, 10, 1)
('meta_id_map,', 24953)
(24953, 24953)
('meta_id_map,', 24953)
(24953, 24953)
('checktype', <type 'numpy.ndarray'>)
('prob_shape', (24953, 2))
('uid_shape', (24953,))
(0.97911215, 0.020887854, 102, 0, 1)
(0.73300445, 0.26699555, 102, 1, 1)
(0.9350991, 0.06490087, 102, 2, 1)
(0.5674702, 0.43252975, 102, 3, 1)
(0.36832964, 0.6316704, 102, 4, 1)
(0.7471978, 0.2528022, 102, 5, 1)
(0.5596639, 0.44033617, 102, 6, 1)
(0.426129, 0.57387096, 102, 7, 1)
(0.77724415, 0.2227559, 102, 8, 1)
(0.44198483, 0.5580152, 102, 9, 1)
(0.644086, 0.35591397, 102, 10, 1)
('meta_id_map,', 24953)
(24953, 24953)
('meta_id_map,', 24953)
(24953, 24953)
('checktype', <type 'numpy.ndarray'>)
('prob_shape', (24953, 2))
('uid_shape', (24953,))
(0.9773276, 0.022672446, 137, 0, 1)
(0.5887932, 0.41120678, 137, 1, 1)
(0.89177024, 0.10822973, 137, 2, 1)
(0.46076602, 0.539234, 137, 3, 1)
(0.3720802, 0.6279198, 137, 4, 1)
(0.67229897, 0.3277011, 137, 5, 1)
(0.50101316, 0.49898684, 137, 6, 1)
(0.44154784, 0.5584521, 137, 7, 1)
(0.76012754, 0.23987247, 137, 8, 1)
(0.40860155, 0.5913984, 137, 9, 1)
(0.6697207, 0.33027926, 137, 10, 1)
('meta_id_map,', 24953)
(24953, 24953)
('meta_id_map,', 24953)
(24953, 24953)
('checktype', <type 'numpy.ndarray'>)
('prob_shape', (24953, 2))
('uid_shape', (24953,))
(0.9763684, 0.023631629, 54, 0, 1)
(0.58369374, 0.41630632, 54, 1, 1)
(0.8876677, 0.11233227, 54, 2, 1)
(0.45880046, 0.54119956, 54, 3, 1)
(0.3764131, 0.6235869, 54, 4, 1)
(0.6761496, 0.3238504, 54, 5, 1)
(0.5007289, 0.4992711, 54, 6, 1)
(0.43724552, 0.5627545, 54, 7, 1)
(0.7585767, 0.24142331, 54, 8, 1)
(0.41794488, 0.5820551, 54, 9, 1)
(0.6633854, 0.33661464, 54, 10, 1)
('meta_id_map,', 24953)
(24953, 24953)
('meta_id_map,', 24953)
(24953, 24953)
('checktype', <type 'numpy.ndarray'>)
('prob_shape', (24953, 2))
('uid_shape', (24953,))
(0.9768355, 0.023164494, 160, 0, 1)
(0.7833543, 0.21664572, 160, 1, 1)
(0.9525773, 0.047422737, 160, 2, 1)
(0.62871116, 0.37128878, 160, 3, 1)
(0.36216646, 0.63783354, 160, 4, 1)
(0.8287815, 0.17121851, 160, 5, 1)
(0.6457157, 0.35428432, 160, 6, 1)
(0.42872036, 0.5712797, 160, 7, 1)
(0.7724938, 0.22750624, 160, 8, 1)
(0.4330574, 0.56694263, 160, 9, 1)
(0.65380293, 0.34619704, 160, 10, 1)
('meta_id_map,', 24953)
(24953, 24953)
('meta_id_map,', 24953)
(24953, 24953)
('checktype', <type 'numpy.ndarray'>)
('prob_shape', (24953, 2))
('uid_shape', (24953,))
(0.97749805, 0.022501945, 418, 0, 1)
(0.7811839, 0.21881613, 418, 1, 1)
(0.9507964, 0.049203604, 418, 2, 1)
(0.60127574, 0.39872432, 418, 3, 1)
(0.37036553, 0.62963444, 418, 4, 1)
(0.8043617, 0.19563824, 418, 5, 1)
(0.61732966, 0.38267034, 418, 6, 1)
(0.41586477, 0.58413523, 418, 7, 1)
(0.78183776, 0.2181622, 418, 8, 1)
(0.4565749, 0.54342514, 418, 9, 1)
(0.6355079, 0.36449212, 418, 10, 1)
('meta_id_map,', 24953)
(24953, 24953)
('meta_id_map,', 24953)
(24953, 24953)
('checktype', <type 'numpy.ndarray'>)
('prob_shape', (24953, 2))
('uid_shape', (24953,))
(0.9786751, 0.021324955, 200, 0, 1)
(0.7374574, 0.2625426, 200, 1, 1)
(0.9393504, 0.06064951, 200, 2, 1)
(0.5719508, 0.42804924, 200, 3, 1)
(0.3736361, 0.6263639, 200, 4, 1)
(0.7663615, 0.23363853, 200, 5, 1)
(0.57579434, 0.42420572, 200, 6, 1)
(0.42254296, 0.577457, 200, 7, 1)
(0.7718438, 0.22815627, 200, 8, 1)
(0.4466242, 0.5533758, 200, 9, 1)
(0.64834523, 0.35165483, 200, 10, 1)
('meta_id_map,', 24953)
(24953, 24953)
('meta_id_map,', 24953)
(24953, 24953)
('checktype', <type 'numpy.ndarray'>)
('prob_shape', (24953, 2))
('uid_shape', (24953,))
(0.9803084, 0.019691551, 389, 0, 1)
(0.7277294, 0.27227062, 389, 1, 1)
(0.93661714, 0.063382834, 389, 2, 1)
(0.57034963, 0.4296503, 389, 3, 1)
(0.37178633, 0.6282137, 389, 4, 1)
(0.75685483, 0.24314517, 389, 5, 1)
(0.5738472, 0.4261528, 389, 6, 1)
(0.43056643, 0.56943357, 389, 7, 1)
(0.7711913, 0.22880873, 389, 8, 1)
(0.4393976, 0.56060237, 389, 9, 1)
(0.65226793, 0.34773207, 389, 10, 1)
('meta_id_map,', 24953)
(24953, 24953)
('meta_id_map,', 24953)
(24953, 24953)
('checktype', <type 'numpy.ndarray'>)
('prob_shape', (24953, 2))
('uid_shape', (24953,))
(0.9783785, 0.021621576, 423, 0, 1)
(0.7278074, 0.2721926, 423, 1, 1)
(0.9349479, 0.065052114, 423, 2, 1)
(0.56157035, 0.43842965, 423, 3, 1)
(0.3708828, 0.6291172, 423, 4, 1)
(0.7530474, 0.24695261, 423, 5, 1)
(0.5651112, 0.4348888, 423, 6, 1)
(0.42115423, 0.5788458, 423, 7, 1)
(0.7757001, 0.2242999, 423, 8, 1)
(0.44554886, 0.55445117, 423, 9, 1)
(0.64341325, 0.35658678, 423, 10, 1)
('meta_id_map,', 24953)
(24953, 24953)
('meta_id_map,', 24953)
(24953, 24953)
('checktype', <type 'numpy.ndarray'>)
('prob_shape', (24953, 2))
('uid_shape', (24953,))
(0.9751788, 0.0248212, 429, 0, 1)
(0.7453628, 0.25463724, 429, 1, 1)
(0.93693495, 0.063065045, 429, 2, 1)
(0.57398057, 0.42601946, 429, 3, 1)
(0.37052655, 0.6294735, 429, 4, 1)
(0.7694474, 0.2305526, 429, 5, 1)
(0.5729958, 0.42700425, 429, 6, 1)
(0.4184833, 0.58151674, 429, 7, 1)
(0.7785282, 0.22147179, 429, 8, 1)
(0.45314795, 0.54685205, 429, 9, 1)
(0.63133705, 0.36866295, 429, 10, 1)
('meta_id_map,', 24953)
(24953, 24953)
('meta_id_map,', 24953)
(24953, 24953)
('checktype', <type 'numpy.ndarray'>)
('prob_shape', (24953, 2))
('uid_shape', (24953,))
(0.9715579, 0.028442131, 411, 0, 1)
(0.7313135, 0.2686865, 411, 1, 1)
(0.9288973, 0.071102664, 411, 2, 1)
(0.5007957, 0.49920428, 411, 3, 1)
(0.38351938, 0.6164806, 411, 4, 1)
(0.73039675, 0.2696033, 411, 5, 1)
(0.49851337, 0.5014866, 411, 6, 1)
(0.40963432, 0.5903657, 411, 7, 1)
(0.7929038, 0.20709626, 411, 8, 1)
(0.46355435, 0.5364456, 411, 9, 1)
(0.63463134, 0.3653686, 411, 10, 1)
('meta_id_map,', 24953)
(24953, 24953)
('meta_id_map,', 24953)
(24953, 24953)
('checktype', <type 'numpy.ndarray'>)
('prob_shape', (24953, 2))
('uid_shape', (24953,))
(0.97972244, 0.020277595, 45, 0, 1)
(0.7558006, 0.24419942, 45, 1, 1)
(0.940203, 0.05979701, 45, 2, 1)
(0.4584255, 0.54157454, 45, 3, 1)
(0.37353188, 0.6264681, 45, 4, 1)
(0.6534316, 0.34656838, 45, 5, 1)
(0.43936732, 0.5606327, 45, 6, 1)
(0.42138532, 0.5786147, 45, 7, 1)
(0.8006743, 0.19932571, 45, 8, 1)
(0.4453918, 0.5546082, 45, 9, 1)
(0.66332644, 0.33667356, 45, 10, 1)
('meta_id_map,', 24953)
(24953, 24953)
('meta_id_map,', 24953)
(24953, 24953)
('checktype', <type 'numpy.ndarray'>)
('prob_shape', (24953, 2))
('uid_shape', (24953,))
(0.9737533, 0.026246715, 331, 0, 1)
(0.6489759, 0.35102415, 331, 1, 1)
(0.89809924, 0.101900816, 331, 2, 1)
(0.4327121, 0.5672879, 331, 3, 1)
(0.3868705, 0.6131295, 331, 4, 1)
(0.6496858, 0.35031423, 331, 5, 1)
(0.43879062, 0.5612094, 331, 6, 1)
(0.41399306, 0.586007, 331, 7, 1)
(0.7942656, 0.20573434, 331, 8, 1)
(0.45971695, 0.540283, 331, 9, 1)
(0.6384833, 0.36151668, 331, 10, 1)
('meta_id_map,', 24953)
(24953, 24953)
('meta_id_map,', 24953)
(24953, 24953)
('checktype', <type 'numpy.ndarray'>)
('prob_shape', (24953, 2))
('uid_shape', (24953,))
(0.9761632, 0.023836745, 434, 0, 1)
(0.63955724, 0.3604428, 434, 1, 1)
(0.90492874, 0.09507125, 434, 2, 1)
(0.47123006, 0.5287699, 434, 3, 1)
(0.3776051, 0.62239486, 434, 4, 1)
(0.689565, 0.31043503, 434, 5, 1)
(0.49585634, 0.50414366, 434, 6, 1)
(0.4288166, 0.5711834, 434, 7, 1)
(0.77082324, 0.22917676, 434, 8, 1)
(0.43080404, 0.569196, 434, 9, 1)
(0.65587103, 0.344129, 434, 10, 1)
('meta_id_map,', 24953)
(24953, 24953)
('meta_id_map,', 24953)
(24953, 24953)
('checktype', <type 'numpy.ndarray'>)
('prob_shape', (24953, 2))
('uid_shape', (24953,))
(0.9750022, 0.024997773, 558, 0, 1)
(0.8034256, 0.19657442, 558, 1, 1)
(0.95694, 0.04306003, 558, 2, 1)
(0.64282334, 0.35717663, 558, 3, 1)
(0.35901195, 0.64098805, 558, 4, 1)
(0.8413716, 0.15862834, 558, 5, 1)
(0.6579843, 0.34201562, 558, 6, 1)
(0.42661095, 0.573389, 558, 7, 1)
(0.7781936, 0.22180636, 558, 8, 1)
(0.43241203, 0.56758803, 558, 9, 1)
(0.6549241, 0.34507588, 558, 10, 1)
('meta_id_map,', 24953)
(24953, 24953)
('meta_id_map,', 24953)
(24953, 24953)
('checktype', <type 'numpy.ndarray'>)
('prob_shape', (24953, 2))
('uid_shape', (24953,))
(0.97502863, 0.024971392, 691, 0, 1)
(0.7943392, 0.20566076, 691, 1, 1)
(0.95464915, 0.045350876, 691, 2, 1)
(0.64027697, 0.35972306, 691, 3, 1)
(0.3608199, 0.63918006, 691, 4, 1)
(0.8397968, 0.16020328, 691, 5, 1)
(0.65817153, 0.34182847, 691, 6, 1)
(0.425566, 0.574434, 691, 7, 1)
(0.774906, 0.22509408, 691, 8, 1)
(0.4353817, 0.5646183, 691, 9, 1)
(0.64934313, 0.35065693, 691, 10, 1)
('meta_id_map,', 24953)
(24953, 24953)
('meta_id_map,', 24953)
(24953, 24953)
('checktype', <type 'numpy.ndarray'>)
('prob_shape', (24953, 2))
('uid_shape', (24953,))
(0.97686064, 0.023139348, 558, 0, 1)
(0.7825184, 0.21748158, 558, 1, 1)
(0.9523291, 0.047670875, 558, 2, 1)
(0.62892973, 0.37107024, 558, 3, 1)
(0.36224324, 0.63775676, 558, 4, 1)
(0.8278804, 0.17211968, 558, 5, 1)
(0.6445923, 0.35540774, 558, 6, 1)
(0.42818832, 0.5718117, 558, 7, 1)
(0.77255875, 0.22744133, 558, 8, 1)
(0.4339269, 0.5660731, 558, 9, 1)
(0.6530469, 0.34695306, 558, 10, 1)
('meta_id_map,', 24953)
(24953, 24953)
('meta_id_map,', 24953)
(24953, 24953)
('checktype', <type 'numpy.ndarray'>)
('prob_shape', (24953, 2))
('uid_shape', (24953,))
(0.97668844, 0.023311544, 558, 0, 1)
(0.7815434, 0.21845669, 558, 1, 1)
(0.951999, 0.04800093, 558, 2, 1)
(0.63026136, 0.36973864, 558, 3, 1)
(0.3622631, 0.6377369, 558, 4, 1)
(0.8285219, 0.17147811, 558, 5, 1)
(0.64508647, 0.35491347, 558, 6, 1)
(0.42858198, 0.57141805, 558, 7, 1)
(0.77231234, 0.22768764, 558, 8, 1)
(0.43360648, 0.5663935, 558, 9, 1)
(0.6532027, 0.34679735, 558, 10, 1)
('meta_id_map,', 24953)
(24953, 24953)
('meta_id_map,', 24953)
(24953, 24953)
('checktype', <type 'numpy.ndarray'>)
('prob_shape', (24953, 2))
('uid_shape', (24953,))
(0.9749417, 0.025058258, 23845, 0, 1)
(0.8157913, 0.18420874, 23845, 1, 1)
(0.95953226, 0.040467717, 23845, 2, 1)
(0.65957135, 0.34042868, 23845, 3, 1)
(0.36125875, 0.63874125, 23845, 4, 1)
(0.848266, 0.15173398, 23845, 5, 1)
(0.66317856, 0.33682144, 23845, 6, 1)
(0.41887915, 0.5811208, 23845, 7, 1)
(0.78290105, 0.21709897, 23845, 8, 1)
(0.4494363, 0.55056363, 23845, 9, 1)
(0.6419889, 0.35801113, 23845, 10, 1)
('meta_id_map,', 24953)
(24953, 24953)
('meta_id_map,', 24953)
(24953, 24953)
('checktype', <type 'numpy.ndarray'>)
('prob_shape', (24953, 2))
('uid_shape', (24953,))
(0.9780107, 0.02198936, 629, 0, 1)
(0.78323686, 0.21676311, 629, 1, 1)
(0.9524011, 0.04759896, 629, 2, 1)
(0.63235605, 0.36764398, 629, 3, 1)
(0.3660554, 0.6339446, 629, 4, 1)
(0.82671684, 0.1732832, 629, 5, 1)
(0.64310914, 0.3568908, 629, 6, 1)
(0.4295863, 0.5704137, 629, 7, 1)
(0.77309144, 0.22690862, 629, 8, 1)
(0.43791687, 0.5620831, 629, 9, 1)
(0.6535405, 0.34645954, 629, 10, 1)
('meta_id_map,', 24953)
(24953, 24953)
('meta_id_map,', 24953)
(24953, 24953)
('checktype', <type 'numpy.ndarray'>)
('prob_shape', (24953, 2))
('uid_shape', (24953,))
(0.9793528, 0.020647233, 558, 0, 1)
(0.76928174, 0.23071824, 558, 1, 1)
(0.9490861, 0.05091391, 558, 2, 1)
(0.61972713, 0.38027284, 558, 3, 1)
(0.36565438, 0.6343456, 558, 4, 1)
(0.80642074, 0.19357929, 558, 5, 1)
(0.6181378, 0.38186225, 558, 6, 1)
(0.42897934, 0.57102066, 558, 7, 1)
(0.7716903, 0.2283097, 558, 8, 1)
(0.43971685, 0.5602831, 558, 9, 1)
(0.6505023, 0.34949768, 558, 10, 1)
('meta_id_map,', 24953)
(24953, 24953)
('meta_id_map,', 24953)
(24953, 24953)
('checktype', <type 'numpy.ndarray'>)
('prob_shape', (24953, 2))
('uid_shape', (24953,))
(0.9760524, 0.023947673, 533, 0, 1)
(0.76277757, 0.23722243, 533, 1, 1)
(0.9454941, 0.054505907, 533, 2, 1)
(0.59865695, 0.40134305, 533, 3, 1)
(0.36347476, 0.6365252, 533, 4, 1)
(0.797286, 0.20271398, 533, 5, 1)
(0.6071603, 0.39283967, 533, 6, 1)
(0.4240611, 0.57593894, 533, 7, 1)
(0.7726127, 0.22738737, 533, 8, 1)
(0.43996358, 0.5600364, 533, 9, 1)
(0.6423431, 0.3576569, 533, 10, 1)
('meta_id_map,', 24953)
(24953, 24953)
('meta_id_map,', 24953)
(24953, 24953)
('checktype', <type 'numpy.ndarray'>)
('prob_shape', (24953, 2))
('uid_shape', (24953,))
(0.9747356, 0.02526436, 629, 0, 1)
(0.64502144, 0.3549786, 629, 1, 1)
(0.899831, 0.10016898, 629, 2, 1)
(0.47162664, 0.52837336, 629, 3, 1)
(0.38764122, 0.6123588, 629, 4, 1)
(0.6852622, 0.31473777, 629, 5, 1)
(0.47478166, 0.52521837, 629, 6, 1)
(0.41750845, 0.5824915, 629, 7, 1)
(0.78503865, 0.21496138, 629, 8, 1)
(0.45733425,